2020/8/15 2:22:13 列名 'FFLD_NAME' 无效。
2020/8/15 2:22:14 列名 'FFLD_NAME' 无效。
2020/8/15 2:22:17 列名 'FFLD_NAME' 无效。
2020/8/15 2:22:18 列名 'FFLD_NAME' 无效。
2020/8/15 2:22:18 列名 'FFLD_NAME' 无效。
2020/8/15 2:22:22 列名 'FFLD_NAME' 无效。
2020/8/15 2:22:23 列名 'FFLD_NAME' 无效。
2020/8/15 16:01:17 关键字 'Order' 附近有语法错误。
2020/8/15 16:01:22 关键字 'Order' 附近有语法错误。
2020/12/8 16:16:56 列名 'undefined' 无效。
2020/12/14 6:50:00 列名 'undefined' 无效。
列名 'undefined' 无效。
2020/12/27 0:23:07 关键字 'and' 附近有语法错误。
2020/12/27 0:35:48 关键字 'and' 附近有语法错误。
2020/12/27 0:36:47 关键字 'and' 附近有语法错误。
2020/12/27 0:41:05 关键字 'and' 附近有语法错误。
2020/12/27 0:41:09 关键字 'and' 附近有语法错误。
2020/12/27 2:31:25 关键字 'and' 附近有语法错误。
2020/12/27 2:31:57 关键字 'and' 附近有语法错误。
2020/12/27 2:32:52 关键字 'and' 附近有语法错误。
2020/12/27 2:32:52 关键字 'and' 附近有语法错误。
2020/12/27 2:32:52 关键字 'and' 附近有语法错误。
2020/12/27 2:32:53 关键字 'and' 附近有语法错误。
2020/12/27 2:32:53 关键字 'and' 附近有语法错误。
2020/12/27 2:32:57 关键字 'and' 附近有语法错误。
2020/12/27 2:32:58 关键字 'and' 附近有语法错误。
2020/12/27 2:32:59 关键字 'and' 附近有语法错误。
2020/12/27 2:33:10 关键字 'and' 附近有语法错误。
2020/12/27 2:33:52 关键字 'and' 附近有语法错误。
2020/12/27 2:33:56 关键字 'and' 附近有语法错误。
2020/12/27 2:35:21 关键字 'and' 附近有语法错误。
2021/1/9 19:11:39 列名 'undefined' 无效。
2021/1/19 23:39:35 列名 'undefined' 无效。
2021/1/24 13:03:58 列名 'undefined' 无效。
2021/1/25 16:41:50 关键字 'and' 附近有语法错误。
2021/1/25 16:42:44 'g' 附近有语法错误。
2021/1/25 16:42:47 'j' 附近有语法错误。
2021/1/28 12:42:51 列名 'undefined' 无效。
2021/1/29 21:01:25 列名 'undefined' 无效。
2021/2/2 0:53:52 列名 'undefined' 无效。
2021/2/3 16:54:21 列名 'undefined' 无效。
